<?xml version="1.0" encoding="UTF-8"?>
<!-- Generated by org.testng.reporters.JUnitReportReporter -->
<testsuite hostname="DESKTOP-2AKG903" failures="0" tests="1" name="com.Test.Example_5" time="0.006" errors="0" timestamp="2021-08-25T15:33:38 PDT" skipped="0">
  <testcase classname="com.Test.Example_5" name="LoginAPI" time="0.006"/>
  <system-out/>
</testsuite> <!-- com.Test.Example_5 -->
