<?xml version="1.0" encoding="UTF-8"?>
<!-- Generated by org.testng.reporters.JUnitReportReporter -->
<testsuite hostname="DESKTOP-2AKG903" failures="0" tests="5" name="com.Test.ParallelTestingDemo" time="0.028" errors="0" timestamp="2021-07-28T01:58:49 PDT" skipped="0">
  <testcase classname="com.Test.ParallelTestingDemo" name="Test1" time="0.001"/>
  <system-out/>
  <testcase classname="com.Test.ParallelTestingDemo" name="Test1" time="0.008"/>
  <system-out/>
  <testcase classname="com.Test.ParallelTestingDemo" name="Test3" time="0.003"/>
  <system-out/>
  <testcase classname="com.Test.ParallelTestingDemo" name="Test1" time="0.008"/>
  <system-out/>
  <testcase classname="com.Test.ParallelTestingDemo" name="Test2" time="0.008"/>
  <system-out/>
</testsuite> <!-- com.Test.ParallelTestingDemo -->
