<?xml version="1.0" encoding="UTF-8"?>
<!-- Generated by org.testng.reporters.JUnitReportReporter -->
<testsuite hostname="DESKTOP-2AKG903" failures="0" tests="8" name="com.Test.Example_C_DataProvider" time="0.013" errors="0" timestamp="2021-08-04T14:25:10 PDT" skipped="0">
  <testcase classname="com.Test.Example_C_DataProvider" name="mobileSignIn" time="0.000"/>
  <system-out/>
  <testcase classname="com.Test.Example_C_DataProvider" name="webLogin" time="0.001"/>
  <system-out/>
  <testcase classname="com.Test.Example_C_DataProvider" name="mobileLogin" time="0.001"/>
  <system-out/>
  <testcase classname="com.Test.Example_C_DataProvider" name="mobileTest" time="0.001"/>
  <system-out/>
  <testcase classname="com.Test.Example_C_DataProvider" name="mobileSignOut" time="0.001"/>
  <system-out/>
  <testcase classname="com.Test.Example_C_DataProvider" name="webLogin" time="0.001"/>
  <system-out/>
  <testcase classname="com.Test.Example_C_DataProvider" name="webLogin" time="0.001"/>
  <system-out/>
  <testcase classname="com.Test.Example_C_DataProvider" name="loginAPI" time="0.007"/>
  <system-out/>
</testsuite> <!-- com.Test.Example_C_DataProvider -->
