<?xml version="1.0" encoding="UTF-8"?>
<!-- Generated by org.testng.reporters.JUnitReportReporter -->
<testsuite hostname="DESKTOP-2AKG903" failures="0" tests="5" name="com.Test.Example_7_dependsOnMethods" time="0.008" errors="0" timestamp="2021-07-19T14:10:31 PDT" skipped="0">
  <testcase classname="com.Test.Example_7_dependsOnMethods" name="LogIn" time="0.001"/>
  <system-out/>
  <testcase classname="com.Test.Example_7_dependsOnMethods" name="OpenBrowser3" time="0.001"/>
  <system-out/>
  <testcase classname="com.Test.Example_7_dependsOnMethods" name="OpenBrowser" time="0.005"/>
  <system-out/>
  <testcase classname="com.Test.Example_7_dependsOnMethods" name="LoginBrowser" time="0.000"/>
  <system-out/>
  <testcase classname="com.Test.Example_7_dependsOnMethods" name="OpenBrowser1" time="0.001"/>
  <system-out/>
</testsuite> <!-- com.Test.Example_7_dependsOnMethods -->
