<?xml version="1.0" encoding="UTF-8"?>
<!-- Generated by org.testng.reporters.JUnitReportReporter -->
<testsuite hostname="DESKTOP-2AKG903" failures="0" tests="2" name="com.Test1.Example_11" time="0.002" errors="0" timestamp="2021-07-09T09:23:43 PDT" skipped="0">
  <testcase classname="com.Test1.Example_11" name="App" time="0.001"/>
  <system-out/>
  <testcase classname="com.Test1.Example_11" name="demo1" time="0.001"/>
  <system-out/>
</testsuite> <!-- com.Test1.Example_11 -->
