<?xml version="1.0" encoding="UTF-8"?>
<!-- Generated by org.testng.reporters.JUnitReportReporter -->
<testsuite hostname="DESKTOP-2AKG903" failures="0" tests="3" name="com.Test.Example_D_DataProvider2" time="0.008" errors="0" timestamp="2021-07-11T23:30:47 PDT" skipped="0">
  <testcase classname="com.Test.Example_D_DataProvider2" name="webLogin" time="0.001"/>
  <system-out/>
  <testcase classname="com.Test.Example_D_DataProvider2" name="webLogin" time="0.005"/>
  <system-out/>
  <testcase classname="com.Test.Example_D_DataProvider2" name="webLogin" time="0.002"/>
  <system-out/>
</testsuite> <!-- com.Test.Example_D_DataProvider2 -->
