<?xml version="1.0" encoding="UTF-8"?>
<!-- Generated by org.testng.reporters.JUnitReportReporter -->
<testsuite hostname="DESKTOP-2AKG903" failures="0" tests="6" name="com.Test.Example_A_Parameterize" time="0.019" errors="0" timestamp="2021-07-12T15:14:03 PDT" skipped="0">
  <testcase classname="com.Test.Example_A_Parameterize" name="mobileSignOut" time="0.002"/>
  <system-out/>
  <testcase classname="com.Test.Example_A_Parameterize" name="mobileLogin" time="0.002"/>
  <system-out/>
  <testcase classname="com.Test.Example_A_Parameterize" name="loginAPI" time="0.003"/>
  <system-out/>
  <testcase classname="com.Test.Example_A_Parameterize" name="mbileSignIn" time="0.001"/>
  <system-out/>
  <testcase classname="com.Test.Example_A_Parameterize" name="WebLogin" time="0.009"/>
  <system-out/>
  <testcase classname="com.Test.Example_A_Parameterize" name="mobileTest" time="0.002"/>
  <system-out/>
</testsuite> <!-- com.Test.Example_A_Parameterize -->
