<?xml version="1.0" encoding="UTF-8"?>
<!-- Generated by org.testng.reporters.JUnitReportReporter -->
<testsuite hostname="DESKTOP-2AKG903" failures="0" tests="1" name="com.Test.Example_2" time="0.001" errors="0" timestamp="2021-08-25T15:33:06 PDT" skipped="0">
  <testcase classname="com.Test.Example_2" name="demo2" time="0.001"/>
  <system-out/>
</testsuite> <!-- com.Test.Example_2 -->
