<?xml version="1.0" encoding="UTF-8"?>
<!-- Generated by org.testng.reporters.JUnitReportReporter -->
<testsuite hostname="DESKTOP-2AKG903" failures="0" tests="3" name="com.Test.Example_6b_Annotations2" time="0.004" errors="0" timestamp="2021-07-14T18:44:53 PDT" skipped="0">
  <testcase classname="com.Test.Example_6b_Annotations2" name="testCase4" time="0.001"/>
  <system-out/>
  <testcase classname="com.Test.Example_6b_Annotations2" name="testCase6" time="0.001"/>
  <system-out/>
  <testcase classname="com.Test.Example_6b_Annotations2" name="testCase5" time="0.002"/>
  <system-out/>
</testsuite> <!-- com.Test.Example_6b_Annotations2 -->
