<?xml version="1.0" encoding="UTF-8"?>
<!-- Generated by org.testng.reporters.JUnitReportReporter -->
<testsuite hostname="DESKTOP-2AKG903" failures="0" tests="6" name="com.Test.Example_8_enabled" time="0.018" errors="0" timestamp="2021-07-09T14:48:52 PDT" skipped="0">
  <testcase classname="com.Test.Example_8_enabled" name="MobileSignOut" time="0.002"/>
  <system-out/>
  <testcase classname="com.Test.Example_8_enabled" name="LoginAPI" time="0.009"/>
  <system-out/>
  <testcase classname="com.Test.Example_8_enabled" name="MobileLogin" time="0.001"/>
  <system-out/>
  <testcase classname="com.Test.Example_8_enabled" name="MobileSignIn" time="0.003"/>
  <system-out/>
  <testcase classname="com.Test.Example_8_enabled" name="MobileTest" time="0.001"/>
  <system-out/>
  <testcase classname="com.Test.Example_8_enabled" name="WebLogin" time="0.002"/>
  <system-out/>
</testsuite> <!-- com.Test.Example_8_enabled -->
