<?xml version="1.0" encoding="UTF-8"?>
<!-- Generated by org.testng.reporters.JUnitReportReporter -->
<testsuite hostname="DESKTOP-2AKG903" failures="0" tests="3" name="com.Test.Example_1" time="0.008" errors="0" timestamp="2021-08-25T15:33:06 PDT" skipped="0">
  <testcase classname="com.Test.Example_1" name="App" time="0.006"/>
  <system-out/>
  <testcase classname="com.Test.Example_1" name="demo1" time="0.001"/>
  <system-out/>
  <testcase classname="com.Test.Example_1" name="STest" time="0.001"/>
  <system-out/>
</testsuite> <!-- com.Test.Example_1 -->
