<?xml version="1.0" encoding="UTF-8"?>
<!-- Generated by org.testng.reporters.JUnitReportReporter -->
<testsuite hostname="DESKTOP-2AKG903" failures="0" tests="3" name="com.Test.ParallelTestingDemo2" time="43.056" errors="0" timestamp="2021-07-12T16:17:30 PDT" skipped="0">
  <testcase classname="com.Test.ParallelTestingDemo2" name="Test1" time="19.589"/>
  <system-out/>
  <testcase classname="com.Test.ParallelTestingDemo2" name="Test2" time="23.459"/>
  <system-out/>
  <testcase classname="com.Test.ParallelTestingDemo2" name="Test3" time="0.008"/>
  <system-out/>
</testsuite> <!-- com.Test.ParallelTestingDemo2 -->
