<?xml version="1.0" encoding="UTF-8"?>
<!-- Generated by org.testng.reporters.JUnitReportReporter -->
<testsuite hostname="DESKTOP-2AKG903" failures="0" tests="3" name="com.Test.Example_D_DataProvider2_OtherClass" time="0.012" errors="0" timestamp="2021-07-12T15:34:48 PDT" skipped="0">
  <testcase classname="com.Test.Example_D_DataProvider2_OtherClass" name="webLogin" time="0.001"/>
  <system-out/>
  <testcase classname="com.Test.Example_D_DataProvider2_OtherClass" name="webLogin" time="0.002"/>
  <system-out/>
  <testcase classname="com.Test.Example_D_DataProvider2_OtherClass" name="webLogin" time="0.009"/>
  <system-out/>
</testsuite> <!-- com.Test.Example_D_DataProvider2_OtherClass -->
