<?xml version="1.0" encoding="UTF-8"?>
<!-- Generated by org.testng.reporters.JUnitReportReporter -->
<testsuite hostname="DESKTOP-2AKG903" failures="0" tests="5" name="com.Test.Example_D_InvocationCount" time="0.008" errors="0" timestamp="2021-08-03T16:35:27 PDT" skipped="0">
  <testcase classname="com.Test.Example_D_InvocationCount" name="sum" time="0.001"/>
  <system-out/>
  <testcase classname="com.Test.Example_D_InvocationCount" name="sum" time="0.001"/>
  <system-out/>
  <testcase classname="com.Test.Example_D_InvocationCount" name="sum" time="0.006"/>
  <system-out/>
  <testcase classname="com.Test.Example_D_InvocationCount" name="sum" time="0.000"/>
  <system-out/>
  <testcase classname="com.Test.Example_D_InvocationCount" name="sum" time="0.000"/>
  <system-out/>
</testsuite> <!-- com.Test.Example_D_InvocationCount -->
