<?xml version="1.0" encoding="UTF-8"?>
<!-- Generated by org.testng.reporters.JUnitReportReporter -->
<testsuite hostname="DESKTOP-2AKG903" failures="0" tests="5" name="com.Test.Example7a_dependsOnMethods" time="0.011" errors="0" timestamp="2021-07-20T12:42:37 PDT" skipped="0">
  <testcase classname="com.Test.Example7a_dependsOnMethods" name="search" time="0.001"/>
  <system-out/>
  <testcase classname="com.Test.Example7a_dependsOnMethods" name="openUrl" time="0.007"/>
  <system-out/>
  <testcase classname="com.Test.Example7a_dependsOnMethods" name="login" time="0.001"/>
  <system-out/>
  <testcase classname="com.Test.Example7a_dependsOnMethods" name="zaddToCart" time="0.001"/>
  <system-out/>
  <testcase classname="com.Test.Example7a_dependsOnMethods" name="logout" time="0.001"/>
  <system-out/>
</testsuite> <!-- com.Test.Example7a_dependsOnMethods -->
