<?xml version="1.0" encoding="UTF-8"?>
<!-- Generated by org.testng.reporters.JUnitReportReporter -->
<testsuite hostname="DESKTOP-2AKG903" failures="0" tests="4" name="com.Test.Example_6a_Priority" time="0.013" errors="0" timestamp="2021-07-28T11:39:08 PDT" skipped="0">
  <testcase classname="com.Test.Example_6a_Priority" name="LogOutBrowser" time="0.001"/>
  <system-out/>
  <testcase classname="com.Test.Example_6a_Priority" name="CloseBrowser" time="0.010"/>
  <system-out/>
  <testcase classname="com.Test.Example_6a_Priority" name="OpenBrowser" time="0.001"/>
  <system-out/>
  <testcase classname="com.Test.Example_6a_Priority" name="LoginBrowser" time="0.001"/>
  <system-out/>
</testsuite> <!-- com.Test.Example_6a_Priority -->
