<?xml version="1.0" encoding="UTF-8"?>
<!-- Generated by org.testng.reporters.JUnitReportReporter -->
<testsuite hostname="DESKTOP-2AKG903" failures="0" tests="2" name="com.Test.ParrallTestingDemo" time="0.012" errors="0" timestamp="2021-07-12T01:38:34 PDT" skipped="0">
  <testcase classname="com.Test.ParrallTestingDemo" name="Test1" time="0.006"/>
  <system-out/>
  <testcase classname="com.Test.ParrallTestingDemo" name="Test2" time="0.006"/>
  <system-out/>
</testsuite> <!-- com.Test.ParrallTestingDemo -->
