<?xml version="1.0" encoding="UTF-8"?>
<!-- Generated by org.testng.reporters.JUnitReportReporter -->
<testsuite hostname="DESKTOP-2AKG903" failures="0" tests="2" name="com.Test.Example_4" time="0.002" errors="0" timestamp="2021-08-25T15:33:06 PDT" skipped="0">
  <testcase classname="com.Test.Example_4" name="STest2" time="0.001"/>
  <system-out/>
  <testcase classname="com.Test.Example_4" name="demo4" time="0.001"/>
  <system-out/>
</testsuite> <!-- com.Test.Example_4 -->
